# JRE version: Java(TM) SE Runtime Environment (8.0_181-b13) (build 1.8.0_181-b13)
# Java VM: Java HotSpot(TM) 64-Bit Server VM (25.181-b13 mixed mode windows-amd64 compressed oops)
Heap:
 PSYoungGen      total 159744K, used 45453K [0x000000076b300000, 0x0000000779180000, 0x00000007c0000000)
  eden space 146432K, 21% used [0x000000076b300000,0x000000076d266e68,0x0000000774200000)
  from space 13312K, 99% used [0x0000000775300000,0x0000000775ffc608,0x0000000776000000)
  to   space 17408K, 0% used [0x0000000774200000,0x0000000774200000,0x0000000775300000)
 ParOldGen       total 107008K, used 15303K [0x00000006c1800000, 0x00000006c8080000, 0x000000076b300000)
  object space 107008K, 14% used [0x00000006c1800000,0x00000006c26f1cf0,0x00000006c8080000)
 Metaspace       used 34454K, capacity 35308K, committed 35416K, reserved 1079296K
  class space    used 4436K, capacity 4638K, committed 4736K, reserved 1048576K
GC Heap History (10 events):
Event: 1.590 GC heap before
{Heap before GC invocations=3 (full 0):
 PSYoungGen      total 76288K, used 69568K [0x000000076b300000, 0x0000000774800000, 0x00000007c0000000)
  eden space 65536K, 94% used [0x000000076b300000,0x000000076efbadb8,0x000000076f300000)
  from space 10752K, 68% used [0x000000076fd80000,0x00000007704b52c0,0x0000000770800000)
  to   space 10752K, 0% used [0x000000076f300000,0x000000076f300000,0x000000076fd80000)
 ParOldGen       total 175104K, used 24K [0x00000006c1800000, 0x00000006cc300000, 0x000000076b300000)
  object space 175104K, 0% used [0x00000006c1800000,0x00000006c1806000,0x00000006cc300000)
 Metaspace       used 20724K, capacity 21170K, committed 21248K, reserved 1067008K
  class space    used 2674K, capacity 2805K, committed 2816K, reserved 1048576K
Event: 1.598 GC heap after
Heap after GC invocations=3 (full 0):
 PSYoungGen      total 76288K, used 8018K [0x000000076b300000, 0x0000000774800000, 0x00000007c0000000)
  eden space 65536K, 0% used [0x000000076b300000,0x000000076b300000,0x000000076f300000)
  from space 10752K, 74% used [0x000000076f300000,0x000000076fad4838,0x000000076fd80000)
  to   space 10752K, 0% used [0x0000000773d80000,0x0000000773d80000,0x0000000774800000)
 ParOldGen       total 175104K, used 96K [0x00000006c1800000, 0x00000006cc300000, 0x000000076b300000)
  object space 175104K, 0% used [0x00000006c1800000,0x00000006c1818010,0x00000006cc300000)
 Metaspace       used 20724K, capacity 21170K, committed 21248K, reserved 1067008K
  class space    used 2674K, capacity 2805K, committed 2816K, reserved 1048576K
}
Event: 1.598 GC heap before
{Heap before GC invocations=4 (full 1):
 PSYoungGen      total 76288K, used 8018K [0x000000076b300000, 0x0000000774800000, 0x00000007c0000000)
  eden space 65536K, 0% used [0x000000076b300000,0x000000076b300000,0x000000076f300000)
  from space 10752K, 74% used [0x000000076f300000,0x000000076fad4838,0x000000076fd80000)
  to   space 10752K, 0% used [0x0000000773d80000,0x0000000773d80000,0x0000000774800000)
 ParOldGen       total 175104K, used 96K [0x00000006c1800000, 0x00000006cc300000, 0x000000076b300000)
  object space 175104K, 0% used [0x00000006c1800000,0x00000006c1818010,0x00000006cc300000)
 Metaspace       used 20724K, capacity 21170K, committed 21248K, reserved 1067008K
  class space    used 2674K, capacity 2805K, committed 2816K, reserved 1048576K
Event: 1.626 GC heap after
Heap after GC invocations=4 (full 1):
 PSYoungGen      total 76288K, used 0K [0x000000076b300000, 0x0000000774800000, 0x00000007c0000000)
  eden space 65536K, 0% used [0x000000076b300000,0x000000076b300000,0x000000076f300000)
  from space 10752K, 0% used [0x000000076f300000,0x000000076f300000,0x000000076fd80000)
  to   space 10752K, 0% used [0x0000000773d80000,0x0000000773d80000,0x0000000774800000)
 ParOldGen       total 107008K, used 7862K [0x00000006c1800000, 0x00000006c8080000, 0x000000076b300000)
  object space 107008K, 7% used [0x00000006c1800000,0x00000006c1fada28,0x00000006c8080000)
 Metaspace       used 20724K, capacity 21170K, committed 21248K, reserved 1067008K
  class space    used 2674K, capacity 2805K, committed 2816K, reserved 1048576K
}
Event: 1.844 GC heap before
{Heap before GC invocations=5 (full 1):
 PSYoungGen      total 76288K, used 65536K [0x000000076b300000, 0x0000000774800000, 0x00000007c0000000)
  eden space 65536K, 100% used [0x000000076b300000,0x000000076f300000,0x000000076f300000)
  from space 10752K, 0% used [0x000000076f300000,0x000000076f300000,0x000000076fd80000)
  to   space 10752K, 0% used [0x0000000773d80000,0x0000000773d80000,0x0000000774800000)
 ParOldGen       total 107008K, used 7862K [0x00000006c1800000, 0x00000006c8080000, 0x000000076b300000)
  object space 107008K, 7% used [0x00000006c1800000,0x00000006c1fada28,0x00000006c8080000)
 Metaspace       used 25926K, capacity 26516K, committed 26880K, reserved 1073152K
  class space    used 3316K, capacity 3470K, committed 3584K, reserved 1048576K
Event: 1.849 GC heap after
Heap after GC invocations=5 (full 1):
 PSYoungGen      total 106496K, used 6944K [0x000000076b300000, 0x0000000774480000, 0x00000007c0000000)
  eden space 99328K, 0% used [0x000000076b300000,0x000000076b300000,0x0000000771400000)
  from space 7168K, 96% used [0x0000000773d80000,0x00000007744482e8,0x0000000774480000)
  to   space 10752K, 0% used [0x0000000772f80000,0x0000000772f80000,0x0000000773a00000)
 ParOldGen       total 107008K, used 7862K [0x00000006c1800000, 0x00000006c8080000, 0x000000076b300000)
  object space 107008K, 7% used [0x00000006c1800000,0x00000006c1fada28,0x00000006c8080000)
 Metaspace       used 25926K, capacity 26516K, committed 26880K, reserved 1073152K
  class space    used 3316K, capacity 3470K, committed 3584K, reserved 1048576K
}
Event: 2.416 GC heap before
{Heap before GC invocations=6 (full 1):
 PSYoungGen      total 106496K, used 106272K [0x000000076b300000, 0x0000000774480000, 0x00000007c0000000)
  eden space 99328K, 100% used [0x000000076b300000,0x0000000771400000,0x0000000771400000)
  from space 7168K, 96% used [0x0000000773d80000,0x00000007744482e8,0x0000000774480000)
  to   space 10752K, 0% used [0x0000000772f80000,0x0000000772f80000,0x0000000773a00000)
 ParOldGen       total 107008K, used 7862K [0x00000006c1800000, 0x00000006c8080000, 0x000000076b300000)
  object space 107008K, 7% used [0x00000006c1800000,0x00000006c1fada28,0x00000006c8080000)
 Metaspace       used 29550K, capacity 30280K, committed 30464K, reserved 1075200K
  class space    used 3804K, capacity 3972K, committed 4096K, reserved 1048576K
Event: 2.427 GC heap after
Heap after GC invocations=6 (full 1):
 PSYoungGen      total 138240K, used 10725K [0x000000076b300000, 0x0000000776000000, 0x00000007c0000000)
  eden space 127488K, 0% used [0x000000076b300000,0x000000076b300000,0x0000000772f80000)
  from space 10752K, 99% used [0x0000000772f80000,0x00000007739f97e0,0x0000000773a00000)
  to   space 13312K, 0% used [0x0000000775300000,0x0000000775300000,0x0000000776000000)
 ParOldGen       total 107008K, used 11318K [0x00000006c1800000, 0x00000006c8080000, 0x000000076b300000)
  object space 107008K, 10% used [0x00000006c1800000,0x00000006c230da38,0x00000006c8080000)
 Metaspace       used 29550K, capacity 30280K, committed 30464K, reserved 1075200K
  class space    used 3804K, capacity 3972K, committed 4096K, reserved 1048576K
}
Event: 3.152 GC heap before
{Heap before GC invocations=7 (full 1):
 PSYoungGen      total 138240K, used 138213K [0x000000076b300000, 0x0000000776000000, 0x00000007c0000000)
  eden space 127488K, 100% used [0x000000076b300000,0x0000000772f80000,0x0000000772f80000)
  from space 10752K, 99% used [0x0000000772f80000,0x00000007739f97e0,0x0000000773a00000)
  to   space 13312K, 0% used [0x0000000775300000,0x0000000775300000,0x0000000776000000)
 ParOldGen       total 107008K, used 11318K [0x00000006c1800000, 0x00000006c8080000, 0x000000076b300000)
  object space 107008K, 10% used [0x00000006c1800000,0x00000006c230da38,0x00000006c8080000)
 Metaspace       used 33115K, capacity 33992K, committed 34304K, reserved 1079296K
  class space    used 4304K, capacity 4504K, committed 4608K, reserved 1048576K
Event: 3.165 GC heap after
Heap after GC invocations=7 (full 1):
 PSYoungGen      total 159744K, used 13297K [0x000000076b300000, 0x0000000779180000, 0x00000007c0000000)
  eden space 146432K, 0% used [0x000000076b300000,0x000000076b300000,0x0000000774200000)
  from space 13312K, 99% used [0x0000000775300000,0x0000000775ffc608,0x0000000776000000)
  to   space 17408K, 0% used [0x0000000774200000,0x0000000774200000,0x0000000775300000)
 ParOldGen       total 107008K, used 15303K [0x00000006c1800000, 0x00000006c8080000, 0x000000076b300000)
  object space 107008K, 14% used [0x00000006c1800000,0x00000006c26f1cf0,0x00000006c8080000)
 Metaspace       used 33115K, capacity 33992K, committed 34304K, reserved 1079296K
  class space    used 4304K, capacity 4504K, committed 4608K, reserved 1048576K
}

